<?xml version="1.0" encoding="UTF-8"?>
<!-- Generated by org.testng.reporters.JUnitXMLReporter -->
<testsuite ignored="0" hostname="Mariam" failures="3" tests="5" name="Logout Test" time="23.799" errors="0" timestamp="2025-02-23T03:52:53 GMT+04:00">
  <testcase classname="com.demoBlaze.tests.LogoutTest" name="testSuccessfulLogout" time="4.424"/>
  <testcase classname="com.demoBlaze.tests.LogoutTest" name="testBrowserBackButtonAfterLogout" time="4.051">
    <failure type="java.lang.AssertionError" message="❌ User re-logged in after pressing back button! expected [true] but found [false]">
      <![CDATA[java.lang.AssertionError: ❌ User re-logged in after pressing back button! expected [true] but found [false]
at com.demoBlaze.tests.LogoutTest.testBrowserBackButtonAfterLogout(LogoutTest.java:62)
at java.base/java.util.ArrayList.forEach(ArrayList.java:1597)
... Removed 32 stack frames]]>
    </failure>
  </testcase> <!-- testBrowserBackButtonAfterLogout -->
  <testcase classname="com.demoBlaze.tests.LogoutTest" name="testCartIsClearedAfterLogout" time="12.228">
    <failure type="java.lang.AssertionError" message="❌ Cart still has items after logout! expected [true] but found [false]">
      <![CDATA[java.lang.AssertionError: ❌ Cart still has items after logout! expected [true] but found [false]
at com.demoBlaze.tests.LogoutTest.testCartIsClearedAfterLogout(LogoutTest.java:85)
at java.base/java.util.ArrayList.forEach(ArrayList.java:1597)
... Removed 32 stack frames]]>
    </failure>
  </testcase> <!-- testCartIsClearedAfterLogout -->
  <testcase classname="com.demoBlaze.tests.LogoutTest" name="testMultipleLoginsInvalidatedAfterLogout" time="2.172"/>
  <testcase classname="com.demoBlaze.tests.LogoutTest" name="testLogoutWithoutActiveSession" time="0.065">
    <failure type="org.openqa.selenium.ElementNotInteractableException" message="element not interactable
  (Session info: chrome=133.0.6943.127)
Build info: version: &amp;apos;4.16.1&amp;apos;, revision: &amp;apos;9b4c83354e&amp;apos;
System info: os.name: &amp;apos;Windows 11&amp;apos;, os.arch: &amp;apos;amd64&amp;apos;, os.version: &amp;apos;10.0&amp;apos;, java.version: &amp;apos;23.0.1&amp;apos;
Driver info: org.openqa.selenium.chrome.ChromeDriver
Command: [feccf68b3036696b555bd1db8a7c05a0, clickElement {id=f.25D19CEC1A6C06FB5D4949B852DB77A4.d.FEA7A434C98F048443981B33BF010BB2.e.1077}]
Capabilities {acceptInsecureCerts: false, browserName: chrome, browserVersion: 133.0.6943.127, chrome: {chromedriverVersion: 133.0.6943.126 (cffa127ce7b..., userDataDir: C:\Users\maria\AppData\Loca...}, fedcm:accounts: true, goog:chromeOptions: {debuggerAddress: localhost:53994}, networkConnectionEnabled: false, pageLoadStrategy: normal, platformName: windows, proxy: Proxy(), se:cdp: ws://localhost:53994/devtoo..., se:cdpVersion: 133.0.6943.127, setWindowRect: true, strictFileInteractability: false, timeouts: {implicit: 0, pageLoad: 300000, script: 30000}, unhandledPromptBehavior: dismiss and notify, webauthn:extension:credBlob: true, webauthn:extension:largeBlob: true, webauthn:extension:minPinLength: true, webauthn:extension:prf: true, webauthn:virtualAuthenticators: true}
Element: [[ChromeDriver: chrome on windows (feccf68b3036696b555bd1db8a7c05a0)] -&amp;gt; id: logout2]
Session ID: feccf68b3036696b555bd1db8a7c05a0">
      <![CDATA[org.openqa.selenium.ElementNotInteractableException: element not interactable
  (Session info: chrome=133.0.6943.127)
Build info: version: '4.16.1', revision: '9b4c83354e'
System info: os.name: 'Windows 11', os.arch: 'amd64', os.version: '10.0', java.version: '23.0.1'
Driver info: org.openqa.selenium.chrome.ChromeDriver
Command: [feccf68b3036696b555bd1db8a7c05a0, clickElement {id=f.25D19CEC1A6C06FB5D4949B852DB77A4.d.FEA7A434C98F048443981B33BF010BB2.e.1077}]
Capabilities {acceptInsecureCerts: false, browserName: chrome, browserVersion: 133.0.6943.127, chrome: {chromedriverVersion: 133.0.6943.126 (cffa127ce7b..., userDataDir: C:\Users\maria\AppData\Loca...}, fedcm:accounts: true, goog:chromeOptions: {debuggerAddress: localhost:53994}, networkConnectionEnabled: false, pageLoadStrategy: normal, platformName: windows, proxy: Proxy(), se:cdp: ws://localhost:53994/devtoo..., se:cdpVersion: 133.0.6943.127, setWindowRect: true, strictFileInteractability: false, timeouts: {implicit: 0, pageLoad: 300000, script: 30000}, unhandledPromptBehavior: dismiss and notify, webauthn:extension:credBlob: true, webauthn:extension:largeBlob: true, webauthn:extension:minPinLength: true, webauthn:extension:prf: true, webauthn:virtualAuthenticators: true}
Element: [[ChromeDriver: chrome on windows (feccf68b3036696b555bd1db8a7c05a0)] -> id: logout2]
Session ID: feccf68b3036696b555bd1db8a7c05a0
at org.openqa.selenium.remote.codec.w3c.W3CHttpResponseCodec.createException(W3CHttpResponseCodec.java:200)
at org.openqa.selenium.remote.codec.w3c.W3CHttpResponseCodec.decode(W3CHttpResponseCodec.java:133)
at org.openqa.selenium.remote.codec.w3c.W3CHttpResponseCodec.decode(W3CHttpResponseCodec.java:52)
at org.openqa.selenium.remote.HttpCommandExecutor.execute(HttpCommandExecutor.java:191)
at org.openqa.selenium.remote.service.DriverCommandExecutor.invokeExecute(DriverCommandExecutor.java:200)
at org.openqa.selenium.remote.service.DriverCommandExecutor.execute(DriverCommandExecutor.java:175)
at org.openqa.selenium.remote.RemoteWebDriver.execute(RemoteWebDriver.java:523)
at org.openqa.selenium.remote.RemoteWebElement.execute(RemoteWebElement.java:224)
at org.openqa.selenium.remote.RemoteWebElement.click(RemoteWebElement.java:77)
at com.demoBlaze.tests.LogoutTest.testLogoutWithoutActiveSession(LogoutTest.java:123)
at java.base/java.util.ArrayList.forEach(ArrayList.java:1597)
... Removed 32 stack frames]]>
    </failure>
  </testcase> <!-- testLogoutWithoutActiveSession -->
</testsuite> <!-- Logout Test -->
